[0m10:10:03.820111 [debug] [MainThread]: Sending event: {'category': 'dbt', 'action': 'invocation', 'label': 'start', 'context': [<snowplow_tracker.self_describing_json.SelfDescribingJson object at 0x10dd7e090>, <snowplow_tracker.self_describing_json.SelfDescribingJson object at 0x10e04be90>, <snowplow_tracker.self_describing_json.SelfDescribingJson object at 0x10e04cb10>]}


============================== 10:10:03.841518 | 7e850d46-0849-4935-a8e1-3c35c0e9ef41 ==============================
[0m10:10:03.841518 [info ] [MainThread]: Running with dbt=1.11.7
[0m10:10:03.841896 [debug] [MainThread]: running dbt with arguments {'indirect_selection': 'eager', 'empty': 'None', 'write_json': 'True', 'static_parser': 'True', 'cache_selected_only': 'False', 'warn_error': 'None', 'log_format': 'default', 'partial_parse': 'True', 'printer_width': '80', 'use_colors': 'True', 'fail_fast': 'False', 'warn_error_options': 'WarnErrorOptionsV2(error=[], warn=[], silence=[])', 'quiet': 'False', 'invocation_command': 'dbt init olist_metrics', 'send_anonymous_usage_stats': 'True', 'log_path': 'logs', 'version_check': 'True', 'profiles_dir': '/Users/ken/.dbt', 'log_cache_events': 'False', 'target_path': 'None', 'use_experimental_parser': 'False', 'introspect': 'True', 'debug': 'False', 'no_print': 'None'}
[0m10:10:03.879930 [debug] [MainThread]: Starter project path: /Users/ken/Library/Caches/pypoetry/virtualenvs/dbt-olist-metrics-U54tY7Cl-py3.11/lib/python3.11/site-packages/dbt/include/starter_project
[0m10:10:03.884304 [info ] [MainThread]: 
Your new dbt project "olist_metrics" was created!

For more information on how to configure the profiles.yml file,
please consult the dbt documentation here:

  https://docs.getdbt.com/docs/configure-your-profile

One more thing:

Need help? Don't hesitate to reach out to us via GitHub issues or on Slack:

  https://community.getdbt.com/

Happy modeling!

[0m10:10:03.884615 [info ] [MainThread]: Setting up your profile.
[0m10:57:33.776257 [info ] [MainThread]: Profile olist_metrics written to /Users/ken/.dbt/profiles.yml using target's profile_template.yml and your supplied values. Run 'dbt debug' to validate the connection.
[0m10:57:33.785652 [debug] [MainThread]: Resource report: {"command_name": "init", "command_success": true, "command_wall_clock_time": 2849.9968, "process_in_blocks": "0", "process_kernel_time": 1.116022, "process_mem_max_rss": "237371392", "process_out_blocks": "0", "process_user_time": 3.706186}
[0m10:57:33.787444 [debug] [MainThread]: Command `dbt init` succeeded at 10:57:33.787305 after 2850.00 seconds
[0m10:57:33.788065 [debug] [MainThread]: Sending event: {'category': 'dbt', 'action': 'invocation', 'label': 'end', 'context': [<snowplow_tracker.self_describing_json.SelfDescribingJson object at 0x10e063450>, <snowplow_tracker.self_describing_json.SelfDescribingJson object at 0x109c88750>, <snowplow_tracker.self_describing_json.SelfDescribingJson object at 0x10d9b9350>]}
[0m10:57:33.788859 [debug] [MainThread]: Flushing usage events
[0m10:57:34.323151 [debug] [MainThread]: An error was encountered while trying to flush usage events
[0m10:57:45.941576 [debug] [MainThread]: Sending event: {'category': 'dbt', 'action': 'invocation', 'label': 'start', 'context': [<snowplow_tracker.self_describing_json.SelfDescribingJson object at 0x10babf410>, <snowplow_tracker.self_describing_json.SelfDescribingJson object at 0x10bb1e590>, <snowplow_tracker.self_describing_json.SelfDescribingJson object at 0x10bb3e150>]}


============================== 10:57:45.944955 | f77ac7af-23e7-42cd-903b-e6dce05797f7 ==============================
[0m10:57:45.944955 [info ] [MainThread]: Running with dbt=1.10.11
[0m10:57:45.945339 [debug] [MainThread]: running dbt with arguments {'warn_error': 'None', 'empty': 'None', 'no_print': 'None', 'introspect': 'True', 'quiet': 'False', 'partial_parse': 'True', 'log_cache_events': 'False', 'fail_fast': 'False', 'write_json': 'True', 'static_parser': 'True', 'indirect_selection': 'eager', 'target_path': 'None', 'log_path': 'logs', 'log_format': 'default', 'invocation_command': 'dbt debug', 'version_check': 'True', 'printer_width': '80', 'warn_error_options': 'WarnErrorOptionsV2(error=[], warn=[], silence=[])', 'cache_selected_only': 'False', 'profiles_dir': '/Users/ken/.dbt', 'use_experimental_parser': 'False', 'debug': 'False', 'send_anonymous_usage_stats': 'True', 'use_colors': 'True'}
[0m10:57:45.957622 [info ] [MainThread]: dbt version: 1.10.11
[0m10:57:45.958338 [info ] [MainThread]: python version: 3.11.6
[0m10:57:45.958567 [info ] [MainThread]: python path: /opt/homebrew/opt/python@3.11/bin/python3.11
[0m10:57:45.958789 [info ] [MainThread]: os info: macOS-26.3.1-arm64-arm-64bit
[0m10:57:50.055616 [info ] [MainThread]: Using profiles dir at /Users/ken/.dbt
[0m10:57:50.055979 [info ] [MainThread]: Using profiles.yml file at /Users/ken/.dbt/profiles.yml
[0m10:57:50.056144 [info ] [MainThread]: Using dbt_project.yml file at /Users/ken/Desktop/coding_projects/dbt-olist-metrics/dbt_project.yml
[0m10:57:50.056334 [error] [MainThread]: Encountered an error:
Internal Error
  Profile should not be None if loading profile completed
[0m10:57:50.059511 [debug] [MainThread]: Resource report: {"command_name": "debug", "command_success": false, "command_wall_clock_time": 4.1628366, "process_in_blocks": "0", "process_kernel_time": 0.54152, "process_mem_max_rss": "370835456", "process_out_blocks": "0", "process_user_time": 2.01002}
[0m10:57:50.059915 [debug] [MainThread]: Command `dbt debug` failed at 10:57:50.059865 after 4.16 seconds
[0m10:57:50.060113 [debug] [MainThread]: Sending event: {'category': 'dbt', 'action': 'invocation', 'label': 'end', 'context': [<snowplow_tracker.self_describing_json.SelfDescribingJson object at 0x102eec1d0>, <snowplow_tracker.self_describing_json.SelfDescribingJson object at 0x11f493350>, <snowplow_tracker.self_describing_json.SelfDescribingJson object at 0x10bb3da10>]}
[0m10:57:50.060304 [debug] [MainThread]: Flushing usage events
[0m10:57:50.516005 [debug] [MainThread]: An error was encountered while trying to flush usage events
